[INFO ]  2020-12-31 15:23:26.656+0530 [restartedMain] Assign1Application - Starting Assign1Application on LAPTOP-BJN94JAC with PID 10532 (D:\Infy\assignment\assign1\target\classes started by kundl in D:\Infy\assignment\assign1)
[INFO ]  2020-12-31 15:23:26.658+0530 [restartedMain] Assign1Application - No active profile set, falling back to default profiles: default
[INFO ]  2020-12-31 15:23:28.104+0530 [restartedMain] Assign1Application - Started Assign1Application in 1.497 seconds (JVM running for 184.04)
[ERROR]  2020-12-31 15:23:33.098+0530 [http-nio-8080-exec-1] TraineeServiceImpl - Helllo Logger
[INFO ]  2020-12-31 15:23:54.865+0530 [restartedMain] Assign1Application - Starting Assign1Application on LAPTOP-BJN94JAC with PID 10532 (D:\Infy\assignment\assign1\target\classes started by kundl in D:\Infy\assignment\assign1)
[INFO ]  2020-12-31 15:23:54.867+0530 [restartedMain] Assign1Application - No active profile set, falling back to default profiles: default
[INFO ]  2020-12-31 15:23:56.689+0530 [restartedMain] Assign1Application - Started Assign1Application in 1.994 seconds (JVM running for 212.625)
[ERROR]  2020-12-31 15:37:22.524+0530 [http-nio-8080-exec-3] TraineeServiceImpl - could not execute statement; nested exception is org.hibernate.exception.GenericJDBCException: could not execute statement
org.springframework.orm.jpa.JpaSystemException: could not execute statement; nested exception is org.hibernate.exception.GenericJDBCException: could not execute statement
	at org.springframework.orm.jpa.vendor.HibernateJpaDialect.convertHibernateAccessException(HibernateJpaDialect.java:353) ~[spring-orm-5.2.12.RELEASE.jar:5.2.12.RELEASE]
	at org.springframework.orm.jpa.vendor.HibernateJpaDialect.translateExceptionIfPossible(HibernateJpaDialect.java:255) ~[spring-orm-5.2.12.RELEASE.jar:5.2.12.RELEASE]
	at org.springframework.orm.jpa.AbstractEntityManagerFactoryBean.translateExceptionIfPossible(AbstractEntityManagerFactoryBean.java:531) ~[spring-orm-5.2.12.RELEASE.jar:5.2.12.RELEASE]
	at org.springframework.dao.support.ChainedPersistenceExceptionTranslator.translateExceptionIfPossible(ChainedPersistenceExceptionTranslator.java:61) ~[spring-tx-5.2.12.RELEASE.jar:5.2.12.RELEASE]
	at org.springframework.dao.support.DataAccessUtils.translateIfNecessary(DataAccessUtils.java:242) ~[spring-tx-5.2.12.RELEASE.jar:5.2.12.RELEASE]
	at org.springframework.dao.support.PersistenceExceptionTranslationInterceptor.invoke(PersistenceExceptionTranslationInterceptor.java:154) ~[spring-tx-5.2.12.RELEASE.jar:5.2.12.RELEASE]
	at org.springframework.aop.framework.ReflectiveMethodInvocation.proceed(ReflectiveMethodInvocation.java:186) ~[spring-aop-5.2.12.RELEASE.jar:5.2.12.RELEASE]
	at org.springframework.data.jpa.repository.support.CrudMethodMetadataPostProcessor$CrudMethodMetadataPopulatingMethodInterceptor.invoke(CrudMethodMetadataPostProcessor.java:178) ~[spring-data-jpa-2.2.12.RELEASE.jar:2.2.12.RELEASE]
	at org.springframework.aop.framework.ReflectiveMethodInvocation.proceed(ReflectiveMethodInvocation.java:186) ~[spring-aop-5.2.12.RELEASE.jar:5.2.12.RELEASE]
	at org.springframework.aop.interceptor.ExposeInvocationInterceptor.invoke(ExposeInvocationInterceptor.java:95) ~[spring-aop-5.2.12.RELEASE.jar:5.2.12.RELEASE]
	at org.springframework.aop.framework.ReflectiveMethodInvocation.proceed(ReflectiveMethodInvocation.java:186) ~[spring-aop-5.2.12.RELEASE.jar:5.2.12.RELEASE]
	at org.springframework.aop.framework.JdkDynamicAopProxy.invoke(JdkDynamicAopProxy.java:212) ~[spring-aop-5.2.12.RELEASE.jar:5.2.12.RELEASE]
	at com.sun.proxy.$Proxy149.saveAndFlush(Unknown Source) ~[?:?]
	at com.example.Service.TraineeServiceImpl.addTrainee(TraineeServiceImpl.java:55) [classes/:?]
	at com.example.controller.TraineeController.insertData(TraineeController.java:104) [classes/:?]
	at sun.reflect.NativeMethodAccessorImpl.invoke0(Native Method) ~[?:1.8.0_265]
	at sun.reflect.NativeMethodAccessorImpl.invoke(NativeMethodAccessorImpl.java:62) ~[?:1.8.0_265]
	at sun.reflect.DelegatingMethodAccessorImpl.invoke(DelegatingMethodAccessorImpl.java:43) ~[?:1.8.0_265]
	at java.lang.reflect.Method.invoke(Method.java:498) ~[?:1.8.0_265]
	at org.springframework.web.method.support.InvocableHandlerMethod.doInvoke(InvocableHandlerMethod.java:190) [spring-web-5.2.12.RELEASE.jar:5.2.12.RELEASE]
	at org.springframework.web.method.support.InvocableHandlerMethod.invokeForRequest(InvocableHandlerMethod.java:138) [spring-web-5.2.12.RELEASE.jar:5.2.12.RELEASE]
	at org.springframework.web.servlet.mvc.method.annotation.ServletInvocableHandlerMethod.invokeAndHandle(ServletInvocableHandlerMethod.java:105) [spring-webmvc-5.2.12.RELEASE.jar:5.2.12.RELEASE]
	at org.springframework.web.servlet.mvc.method.annotation.RequestMappingHandlerAdapter.invokeHandlerMethod(RequestMappingHandlerAdapter.java:878) [spring-webmvc-5.2.12.RELEASE.jar:5.2.12.RELEASE]
	at org.springframework.web.servlet.mvc.method.annotation.RequestMappingHandlerAdapter.handleInternal(RequestMappingHandlerAdapter.java:792) [spring-webmvc-5.2.12.RELEASE.jar:5.2.12.RELEASE]
	at org.springframework.web.servlet.mvc.method.AbstractHandlerMethodAdapter.handle(AbstractHandlerMethodAdapter.java:87) [spring-webmvc-5.2.12.RELEASE.jar:5.2.12.RELEASE]
	at org.springframework.web.servlet.DispatcherServlet.doDispatch(DispatcherServlet.java:1040) [spring-webmvc-5.2.12.RELEASE.jar:5.2.12.RELEASE]
	at org.springframework.web.servlet.DispatcherServlet.doService(DispatcherServlet.java:943) [spring-webmvc-5.2.12.RELEASE.jar:5.2.12.RELEASE]
	at org.springframework.web.servlet.FrameworkServlet.processRequest(FrameworkServlet.java:1006) [spring-webmvc-5.2.12.RELEASE.jar:5.2.12.RELEASE]
	at org.springframework.web.servlet.FrameworkServlet.doPost(FrameworkServlet.java:909) [spring-webmvc-5.2.12.RELEASE.jar:5.2.12.RELEASE]
	at javax.servlet.http.HttpServlet.service(HttpServlet.java:652) [tomcat-embed-core-9.0.41.jar:4.0.FR]
	at org.springframework.web.servlet.FrameworkServlet.service(FrameworkServlet.java:883) [spring-webmvc-5.2.12.RELEASE.jar:5.2.12.RELEASE]
	at javax.servlet.http.HttpServlet.service(HttpServlet.java:733) [tomcat-embed-core-9.0.41.jar:4.0.FR]
	at org.apache.catalina.core.ApplicationFilterChain.internalDoFilter(ApplicationFilterChain.java:231) [tomcat-embed-core-9.0.41.jar:9.0.41]
	at org.apache.catalina.core.ApplicationFilterChain.doFilter(ApplicationFilterChain.java:166) [tomcat-embed-core-9.0.41.jar:9.0.41]
	at org.apache.tomcat.websocket.server.WsFilter.doFilter(WsFilter.java:53) [tomcat-embed-websocket-9.0.41.jar:9.0.41]
	at org.apache.catalina.core.ApplicationFilterChain.internalDoFilter(ApplicationFilterChain.java:193) [tomcat-embed-core-9.0.41.jar:9.0.41]
	at org.apache.catalina.core.ApplicationFilterChain.doFilter(ApplicationFilterChain.java:166) [tomcat-embed-core-9.0.41.jar:9.0.41]
	at org.springframework.security.web.FilterChainProxy$VirtualFilterChain.doFilter(FilterChainProxy.java:320) [spring-security-web-5.2.8.RELEASE.jar:5.2.8.RELEASE]
	at org.springframework.security.web.access.intercept.FilterSecurityInterceptor.invoke(FilterSecurityInterceptor.java:126) [spring-security-web-5.2.8.RELEASE.jar:5.2.8.RELEASE]
	at org.springframework.security.web.access.intercept.FilterSecurityInterceptor.doFilter(FilterSecurityInterceptor.java:90) [spring-security-web-5.2.8.RELEASE.jar:5.2.8.RELEASE]
	at org.springframework.security.web.FilterChainProxy$VirtualFilterChain.doFilter(FilterChainProxy.java:334) [spring-security-web-5.2.8.RELEASE.jar:5.2.8.RELEASE]
	at org.springframework.security.web.access.ExceptionTranslationFilter.doFilter(ExceptionTranslationFilter.java:118) [spring-security-web-5.2.8.RELEASE.jar:5.2.8.RELEASE]
	at org.springframework.security.web.FilterChainProxy$VirtualFilterChain.doFilter(FilterChainProxy.java:334) [spring-security-web-5.2.8.RELEASE.jar:5.2.8.RELEASE]
	at org.springframework.security.web.session.SessionManagementFilter.doFilter(SessionManagementFilter.java:137) [spring-security-web-5.2.8.RELEASE.jar:5.2.8.RELEASE]
	at org.springframework.security.web.FilterChainProxy$VirtualFilterChain.doFilter(FilterChainProxy.java:334) [spring-security-web-5.2.8.RELEASE.jar:5.2.8.RELEASE]
	at org.springframework.security.web.authentication.AnonymousAuthenticationFilter.doFilter(AnonymousAuthenticationFilter.java:111) [spring-security-web-5.2.8.RELEASE.jar:5.2.8.RELEASE]
	at org.springframework.security.web.FilterChainProxy$VirtualFilterChain.doFilter(FilterChainProxy.java:334) [spring-security-web-5.2.8.RELEASE.jar:5.2.8.RELEASE]
	at org.springframework.security.web.servletapi.SecurityContextHolderAwareRequestFilter.doFilter(SecurityContextHolderAwareRequestFilter.java:158) [spring-security-web-5.2.8.RELEASE.jar:5.2.8.RELEASE]
	at org.springframework.security.web.FilterChainProxy$VirtualFilterChain.doFilter(FilterChainProxy.java:334) [spring-security-web-5.2.8.RELEASE.jar:5.2.8.RELEASE]
	at org.springframework.security.web.savedrequest.RequestCacheAwareFilter.doFilter(RequestCacheAwareFilter.java:63) [spring-security-web-5.2.8.RELEASE.jar:5.2.8.RELEASE]
	at org.springframework.security.web.FilterChainProxy$VirtualFilterChain.doFilter(FilterChainProxy.java:334) [spring-security-web-5.2.8.RELEASE.jar:5.2.8.RELEASE]
	at org.springframework.security.web.authentication.ui.DefaultLogoutPageGeneratingFilter.doFilterInternal(DefaultLogoutPageGeneratingFilter.java:52) [spring-security-web-5.2.8.RELEASE.jar:5.2.8.RELEASE]
	at org.springframework.web.filter.OncePerRequestFilter.doFilter(OncePerRequestFilter.java:119) [spring-web-5.2.12.RELEASE.jar:5.2.12.RELEASE]
	at org.springframework.security.web.FilterChainProxy$VirtualFilterChain.doFilter(FilterChainProxy.java:334) [spring-security-web-5.2.8.RELEASE.jar:5.2.8.RELEASE]
	at org.springframework.security.web.authentication.ui.DefaultLoginPageGeneratingFilter.doFilter(DefaultLoginPageGeneratingFilter.java:216) [spring-security-web-5.2.8.RELEASE.jar:5.2.8.RELEASE]
	at org.springframework.security.web.FilterChainProxy$VirtualFilterChain.doFilter(FilterChainProxy.java:334) [spring-security-web-5.2.8.RELEASE.jar:5.2.8.RELEASE]
	at org.springframework.security.web.authentication.AbstractAuthenticationProcessingFilter.doFilter(AbstractAuthenticationProcessingFilter.java:200) [spring-security-web-5.2.8.RELEASE.jar:5.2.8.RELEASE]
	at org.springframework.security.web.FilterChainProxy$VirtualFilterChain.doFilter(FilterChainProxy.java:334) [spring-security-web-5.2.8.RELEASE.jar:5.2.8.RELEASE]
	at org.springframework.security.web.authentication.logout.LogoutFilter.doFilter(LogoutFilter.java:116) [spring-security-web-5.2.8.RELEASE.jar:5.2.8.RELEASE]
	at org.springframework.security.web.FilterChainProxy$VirtualFilterChain.doFilter(FilterChainProxy.java:334) [spring-security-web-5.2.8.RELEASE.jar:5.2.8.RELEASE]
	at org.springframework.security.web.header.HeaderWriterFilter.doHeadersAfter(HeaderWriterFilter.java:92) [spring-security-web-5.2.8.RELEASE.jar:5.2.8.RELEASE]
	at org.springframework.security.web.header.HeaderWriterFilter.doFilterInternal(HeaderWriterFilter.java:77) [spring-security-web-5.2.8.RELEASE.jar:5.2.8.RELEASE]
	at org.springframework.web.filter.OncePerRequestFilter.doFilter(OncePerRequestFilter.java:119) [spring-web-5.2.12.RELEASE.jar:5.2.12.RELEASE]
	at org.springframework.security.web.FilterChainProxy$VirtualFilterChain.doFilter(FilterChainProxy.java:334) [spring-security-web-5.2.8.RELEASE.jar:5.2.8.RELEASE]
	at org.springframework.security.web.context.SecurityContextPersistenceFilter.doFilter(SecurityContextPersistenceFilter.java:105) [spring-security-web-5.2.8.RELEASE.jar:5.2.8.RELEASE]
	at org.springframework.security.web.FilterChainProxy$VirtualFilterChain.doFilter(FilterChainProxy.java:334) [spring-security-web-5.2.8.RELEASE.jar:5.2.8.RELEASE]
	at org.springframework.security.web.context.request.async.WebAsyncManagerIntegrationFilter.doFilterInternal(WebAsyncManagerIntegrationFilter.java:56) [spring-security-web-5.2.8.RELEASE.jar:5.2.8.RELEASE]
	at org.springframework.web.filter.OncePerRequestFilter.doFilter(OncePerRequestFilter.java:119) [spring-web-5.2.12.RELEASE.jar:5.2.12.RELEASE]
	at org.springframework.security.web.FilterChainProxy$VirtualFilterChain.doFilter(FilterChainProxy.java:334) [spring-security-web-5.2.8.RELEASE.jar:5.2.8.RELEASE]
	at org.springframework.security.web.FilterChainProxy.doFilterInternal(FilterChainProxy.java:215) [spring-security-web-5.2.8.RELEASE.jar:5.2.8.RELEASE]
	at org.springframework.security.web.FilterChainProxy.doFilter(FilterChainProxy.java:178) [spring-security-web-5.2.8.RELEASE.jar:5.2.8.RELEASE]
	at org.springframework.web.filter.DelegatingFilterProxy.invokeDelegate(DelegatingFilterProxy.java:358) [spring-web-5.2.12.RELEASE.jar:5.2.12.RELEASE]
	at org.springframework.web.filter.DelegatingFilterProxy.doFilter(DelegatingFilterProxy.java:271) [spring-web-5.2.12.RELEASE.jar:5.2.12.RELEASE]
	at org.apache.catalina.core.ApplicationFilterChain.internalDoFilter(ApplicationFilterChain.java:193) [tomcat-embed-core-9.0.41.jar:9.0.41]
	at org.apache.catalina.core.ApplicationFilterChain.doFilter(ApplicationFilterChain.java:166) [tomcat-embed-core-9.0.41.jar:9.0.41]
	at org.springframework.web.filter.RequestContextFilter.doFilterInternal(RequestContextFilter.java:100) [spring-web-5.2.12.RELEASE.jar:5.2.12.RELEASE]
	at org.springframework.web.filter.OncePerRequestFilter.doFilter(OncePerRequestFilter.java:119) [spring-web-5.2.12.RELEASE.jar:5.2.12.RELEASE]
	at org.apache.catalina.core.ApplicationFilterChain.internalDoFilter(ApplicationFilterChain.java:193) [tomcat-embed-core-9.0.41.jar:9.0.41]
	at org.apache.catalina.core.ApplicationFilterChain.doFilter(ApplicationFilterChain.java:166) [tomcat-embed-core-9.0.41.jar:9.0.41]
	at org.springframework.web.filter.FormContentFilter.doFilterInternal(FormContentFilter.java:93) [spring-web-5.2.12.RELEASE.jar:5.2.12.RELEASE]
	at org.springframework.web.filter.OncePerRequestFilter.doFilter(OncePerRequestFilter.java:119) [spring-web-5.2.12.RELEASE.jar:5.2.12.RELEASE]
	at org.apache.catalina.core.ApplicationFilterChain.internalDoFilter(ApplicationFilterChain.java:193) [tomcat-embed-core-9.0.41.jar:9.0.41]
	at org.apache.catalina.core.ApplicationFilterChain.doFilter(ApplicationFilterChain.java:166) [tomcat-embed-core-9.0.41.jar:9.0.41]
	at org.springframework.boot.actuate.metrics.web.servlet.WebMvcMetricsFilter.doFilterInternal(WebMvcMetricsFilter.java:109) [spring-boot-actuator-2.2.13.BUILD-SNAPSHOT.jar:2.2.13.BUILD-SNAPSHOT]
	at org.springframework.web.filter.OncePerRequestFilter.doFilter(OncePerRequestFilter.java:119) [spring-web-5.2.12.RELEASE.jar:5.2.12.RELEASE]
	at org.apache.catalina.core.ApplicationFilterChain.internalDoFilter(ApplicationFilterChain.java:193) [tomcat-embed-core-9.0.41.jar:9.0.41]
	at org.apache.catalina.core.ApplicationFilterChain.doFilter(ApplicationFilterChain.java:166) [tomcat-embed-core-9.0.41.jar:9.0.41]
	at org.springframework.web.filter.CharacterEncodingFilter.doFilterInternal(CharacterEncodingFilter.java:201) [spring-web-5.2.12.RELEASE.jar:5.2.12.RELEASE]
	at org.springframework.web.filter.OncePerRequestFilter.doFilter(OncePerRequestFilter.java:119) [spring-web-5.2.12.RELEASE.jar:5.2.12.RELEASE]
	at org.apache.catalina.core.ApplicationFilterChain.internalDoFilter(ApplicationFilterChain.java:193) [tomcat-embed-core-9.0.41.jar:9.0.41]
	at org.apache.catalina.core.ApplicationFilterChain.doFilter(ApplicationFilterChain.java:166) [tomcat-embed-core-9.0.41.jar:9.0.41]
	at org.apache.catalina.core.StandardWrapperValve.invoke(StandardWrapperValve.java:202) [tomcat-embed-core-9.0.41.jar:9.0.41]
	at org.apache.catalina.core.StandardContextValve.invoke(StandardContextValve.java:97) [tomcat-embed-core-9.0.41.jar:9.0.41]
	at org.apache.catalina.authenticator.AuthenticatorBase.invoke(AuthenticatorBase.java:542) [tomcat-embed-core-9.0.41.jar:9.0.41]
	at org.apache.catalina.core.StandardHostValve.invoke(StandardHostValve.java:143) [tomcat-embed-core-9.0.41.jar:9.0.41]
	at org.apache.catalina.valves.ErrorReportValve.invoke(ErrorReportValve.java:92) [tomcat-embed-core-9.0.41.jar:9.0.41]
	at org.apache.catalina.core.StandardEngineValve.invoke(StandardEngineValve.java:78) [tomcat-embed-core-9.0.41.jar:9.0.41]
	at org.apache.catalina.connector.CoyoteAdapter.service(CoyoteAdapter.java:343) [tomcat-embed-core-9.0.41.jar:9.0.41]
	at org.apache.coyote.http11.Http11Processor.service(Http11Processor.java:374) [tomcat-embed-core-9.0.41.jar:9.0.41]
	at org.apache.coyote.AbstractProcessorLight.process(AbstractProcessorLight.java:65) [tomcat-embed-core-9.0.41.jar:9.0.41]
	at org.apache.coyote.AbstractProtocol$ConnectionHandler.process(AbstractProtocol.java:888) [tomcat-embed-core-9.0.41.jar:9.0.41]
	at org.apache.tomcat.util.net.NioEndpoint$SocketProcessor.doRun(NioEndpoint.java:1597) [tomcat-embed-core-9.0.41.jar:9.0.41]
	at org.apache.tomcat.util.net.SocketProcessorBase.run(SocketProcessorBase.java:49) [tomcat-embed-core-9.0.41.jar:9.0.41]
	at java.util.concurrent.ThreadPoolExecutor.runWorker(ThreadPoolExecutor.java:1149) [?:1.8.0_265]
	at java.util.concurrent.ThreadPoolExecutor$Worker.run(ThreadPoolExecutor.java:624) [?:1.8.0_265]
	at org.apache.tomcat.util.threads.TaskThread$WrappingRunnable.run(TaskThread.java:61) [tomcat-embed-core-9.0.41.jar:9.0.41]
	at java.lang.Thread.run(Thread.java:823) [?:1.8.0_265]
Caused by: org.hibernate.exception.GenericJDBCException: could not execute statement
	at org.hibernate.exception.internal.StandardSQLExceptionConverter.convert(StandardSQLExceptionConverter.java:47) ~[hibernate-core-5.4.25.Final.jar:5.4.25.Final]
	at org.hibernate.engine.jdbc.spi.SqlExceptionHelper.convert(SqlExceptionHelper.java:113) ~[hibernate-core-5.4.25.Final.jar:5.4.25.Final]
	at org.hibernate.engine.jdbc.spi.SqlExceptionHelper.convert(SqlExceptionHelper.java:99) ~[hibernate-core-5.4.25.Final.jar:5.4.25.Final]
	at org.hibernate.engine.jdbc.internal.ResultSetReturnImpl.executeUpdate(ResultSetReturnImpl.java:200) ~[hibernate-core-5.4.25.Final.jar:5.4.25.Final]
	at org.hibernate.dialect.identity.GetGeneratedKeysDelegate.executeAndExtract(GetGeneratedKeysDelegate.java:57) ~[hibernate-core-5.4.25.Final.jar:5.4.25.Final]
	at org.hibernate.id.insert.AbstractReturningDelegate.performInsert(AbstractReturningDelegate.java:43) ~[hibernate-core-5.4.25.Final.jar:5.4.25.Final]
	at org.hibernate.persister.entity.AbstractEntityPersister.insert(AbstractEntityPersister.java:3199) ~[hibernate-core-5.4.25.Final.jar:5.4.25.Final]
	at org.hibernate.persister.entity.AbstractEntityPersister.insert(AbstractEntityPersister.java:3805) ~[hibernate-core-5.4.25.Final.jar:5.4.25.Final]
	at org.hibernate.action.internal.EntityIdentityInsertAction.execute(EntityIdentityInsertAction.java:84) ~[hibernate-core-5.4.25.Final.jar:5.4.25.Final]
	at org.hibernate.engine.spi.ActionQueue.execute(ActionQueue.java:645) ~[hibernate-core-5.4.25.Final.jar:5.4.25.Final]
	at org.hibernate.engine.spi.ActionQueue.addResolvedEntityInsertAction(ActionQueue.java:282) ~[hibernate-core-5.4.25.Final.jar:5.4.25.Final]
	at org.hibernate.engine.spi.ActionQueue.addInsertAction(ActionQueue.java:263) ~[hibernate-core-5.4.25.Final.jar:5.4.25.Final]
	at org.hibernate.engine.spi.ActionQueue.addAction(ActionQueue.java:317) ~[hibernate-core-5.4.25.Final.jar:5.4.25.Final]
	at org.hibernate.event.internal.AbstractSaveEventListener.addInsertAction(AbstractSaveEventListener.java:330) ~[hibernate-core-5.4.25.Final.jar:5.4.25.Final]
	at org.hibernate.event.internal.AbstractSaveEventListener.performSaveOrReplicate(AbstractSaveEventListener.java:287) ~[hibernate-core-5.4.25.Final.jar:5.4.25.Final]
	at org.hibernate.event.internal.AbstractSaveEventListener.performSave(AbstractSaveEventListener.java:193) ~[hibernate-core-5.4.25.Final.jar:5.4.25.Final]
	at org.hibernate.event.internal.AbstractSaveEventListener.saveWithGeneratedId(AbstractSaveEventListener.java:123) ~[hibernate-core-5.4.25.Final.jar:5.4.25.Final]
	at org.hibernate.event.internal.DefaultPersistEventListener.entityIsTransient(DefaultPersistEventListener.java:185) ~[hibernate-core-5.4.25.Final.jar:5.4.25.Final]
	at org.hibernate.event.internal.DefaultPersistEventListener.onPersist(DefaultPersistEventListener.java:128) ~[hibernate-core-5.4.25.Final.jar:5.4.25.Final]
	at org.hibernate.event.internal.DefaultPersistEventListener.onPersist(DefaultPersistEventListener.java:55) ~[hibernate-core-5.4.25.Final.jar:5.4.25.Final]
	at org.hibernate.internal.SessionImpl$$Lambda$1007/0000000000000000.accept(Unknown Source) ~[?:?]
	at org.hibernate.event.service.internal.EventListenerGroupImpl.fireEventOnEachListener(EventListenerGroupImpl.java:102) ~[hibernate-core-5.4.25.Final.jar:5.4.25.Final]
	at org.hibernate.internal.SessionImpl.firePersist(SessionImpl.java:720) ~[hibernate-core-5.4.25.Final.jar:5.4.25.Final]
	at org.hibernate.internal.SessionImpl.persist(SessionImpl.java:706) ~[hibernate-core-5.4.25.Final.jar:5.4.25.Final]
	at sun.reflect.NativeMethodAccessorImpl.invoke0(Native Method) ~[?:1.8.0_265]
	at sun.reflect.NativeMethodAccessorImpl.invoke(NativeMethodAccessorImpl.java:62) ~[?:1.8.0_265]
	at sun.reflect.DelegatingMethodAccessorImpl.invoke(DelegatingMethodAccessorImpl.java:43) ~[?:1.8.0_265]
	at java.lang.reflect.Method.invoke(Method.java:498) ~[?:1.8.0_265]
	at org.springframework.orm.jpa.ExtendedEntityManagerCreator$ExtendedEntityManagerInvocationHandler.invoke(ExtendedEntityManagerCreator.java:366) ~[spring-orm-5.2.12.RELEASE.jar:5.2.12.RELEASE]
	at com.sun.proxy.$Proxy147.persist(Unknown Source) ~[?:?]
	at sun.reflect.NativeMethodAccessorImpl.invoke0(Native Method) ~[?:1.8.0_265]
	at sun.reflect.NativeMethodAccessorImpl.invoke(NativeMethodAccessorImpl.java:62) ~[?:1.8.0_265]
	at sun.reflect.DelegatingMethodAccessorImpl.invoke(DelegatingMethodAccessorImpl.java:43) ~[?:1.8.0_265]
	at java.lang.reflect.Method.invoke(Method.java:498) ~[?:1.8.0_265]
	at org.springframework.orm.jpa.SharedEntityManagerCreator$SharedEntityManagerInvocationHandler.invoke(SharedEntityManagerCreator.java:314) ~[spring-orm-5.2.12.RELEASE.jar:5.2.12.RELEASE]
	at com.sun.proxy.$Proxy147.persist(Unknown Source) ~[?:?]
	at org.springframework.data.jpa.repository.support.SimpleJpaRepository.save(SimpleJpaRepository.java:554) ~[spring-data-jpa-2.2.12.RELEASE.jar:2.2.12.RELEASE]
	at org.springframework.data.jpa.repository.support.SimpleJpaRepository.saveAndFlush(SimpleJpaRepository.java:569) ~[spring-data-jpa-2.2.12.RELEASE.jar:2.2.12.RELEASE]
	at sun.reflect.NativeMethodAccessorImpl.invoke0(Native Method) ~[?:1.8.0_265]
	at sun.reflect.NativeMethodAccessorImpl.invoke(NativeMethodAccessorImpl.java:62) ~[?:1.8.0_265]
	at sun.reflect.DelegatingMethodAccessorImpl.invoke(DelegatingMethodAccessorImpl.java:43) ~[?:1.8.0_265]
	at java.lang.reflect.Method.invoke(Method.java:498) ~[?:1.8.0_265]
	at org.springframework.data.repository.core.support.RepositoryComposition$RepositoryFragments.invoke(RepositoryComposition.java:371) ~[spring-data-commons-2.2.12.RELEASE.jar:2.2.12.RELEASE]
	at org.springframework.data.repository.core.support.RepositoryComposition.invoke(RepositoryComposition.java:204) ~[spring-data-commons-2.2.12.RELEASE.jar:2.2.12.RELEASE]
	at org.springframework.data.repository.core.support.RepositoryFactorySupport$ImplementationMethodExecutionInterceptor.invoke(RepositoryFactorySupport.java:658) ~[spring-data-commons-2.2.12.RELEASE.jar:2.2.12.RELEASE]
	at org.springframework.aop.framework.ReflectiveMethodInvocation.proceed(ReflectiveMethodInvocation.java:186) ~[spring-aop-5.2.12.RELEASE.jar:5.2.12.RELEASE]
	at org.springframework.data.repository.core.support.RepositoryFactorySupport$QueryExecutorMethodInterceptor.doInvoke(RepositoryFactorySupport.java:622) ~[spring-data-commons-2.2.12.RELEASE.jar:2.2.12.RELEASE]
	at org.springframework.data.repository.core.support.RepositoryFactorySupport$QueryExecutorMethodInterceptor.invoke(RepositoryFactorySupport.java:606) ~[spring-data-commons-2.2.12.RELEASE.jar:2.2.12.RELEASE]
	at org.springframework.aop.framework.ReflectiveMethodInvocation.proceed(ReflectiveMethodInvocation.java:186) ~[spring-aop-5.2.12.RELEASE.jar:5.2.12.RELEASE]
	at org.springframework.data.projection.DefaultMethodInvokingMethodInterceptor.invoke(DefaultMethodInvokingMethodInterceptor.java:80) ~[spring-data-commons-2.2.12.RELEASE.jar:2.2.12.RELEASE]
	at org.springframework.aop.framework.ReflectiveMethodInvocation.proceed(ReflectiveMethodInvocation.java:186) ~[spring-aop-5.2.12.RELEASE.jar:5.2.12.RELEASE]
	at org.springframework.transaction.interceptor.TransactionInterceptor$$Lambda$972/0000000000000000.proceedWithInvocation(Unknown Source) ~[?:?]
	at org.springframework.transaction.interceptor.TransactionAspectSupport.invokeWithinTransaction(TransactionAspectSupport.java:367) ~[spring-tx-5.2.12.RELEASE.jar:5.2.12.RELEASE]
	at org.springframework.transaction.interceptor.TransactionInterceptor.invoke(TransactionInterceptor.java:118) ~[spring-tx-5.2.12.RELEASE.jar:5.2.12.RELEASE]
	at org.springframework.aop.framework.ReflectiveMethodInvocation.proceed(ReflectiveMethodInvocation.java:186) ~[spring-aop-5.2.12.RELEASE.jar:5.2.12.RELEASE]
	at org.springframework.dao.support.PersistenceExceptionTranslationInterceptor.invoke(PersistenceExceptionTranslationInterceptor.java:139) ~[spring-tx-5.2.12.RELEASE.jar:5.2.12.RELEASE]
	... 101 more
Caused by: java.sql.SQLException: Field 'id' doesn't have a default value
	at com.mysql.cj.jdbc.exceptions.SQLError.createSQLException(SQLError.java:129) ~[mysql-connector-java-8.0.22.jar:8.0.22]
	at com.mysql.cj.jdbc.exceptions.SQLError.createSQLException(SQLError.java:97) ~[mysql-connector-java-8.0.22.jar:8.0.22]
	at com.mysql.cj.jdbc.exceptions.SQLExceptionsMapping.translateException(SQLExceptionsMapping.java:122) ~[mysql-connector-java-8.0.22.jar:8.0.22]
	at com.mysql.cj.jdbc.ClientPreparedStatement.executeInternal(ClientPreparedStatement.java:953) ~[mysql-connector-java-8.0.22.jar:8.0.22]
	at com.mysql.cj.jdbc.ClientPreparedStatement.executeUpdateInternal(ClientPreparedStatement.java:1092) ~[mysql-connector-java-8.0.22.jar:8.0.22]
	at com.mysql.cj.jdbc.ClientPreparedStatement.executeUpdateInternal(ClientPreparedStatement.java:1040) ~[mysql-connector-java-8.0.22.jar:8.0.22]
	at com.mysql.cj.jdbc.ClientPreparedStatement.executeLargeUpdate(ClientPreparedStatement.java:1347) ~[mysql-connector-java-8.0.22.jar:8.0.22]
	at com.mysql.cj.jdbc.ClientPreparedStatement.executeUpdate(ClientPreparedStatement.java:1025) ~[mysql-connector-java-8.0.22.jar:8.0.22]
	at com.zaxxer.hikari.pool.ProxyPreparedStatement.executeUpdate(ProxyPreparedStatement.java:61) ~[HikariCP-3.4.5.jar:?]
	at com.zaxxer.hikari.pool.HikariProxyPreparedStatement.executeUpdate(HikariProxyPreparedStatement.java) ~[HikariCP-3.4.5.jar:?]
	at org.hibernate.engine.jdbc.internal.ResultSetReturnImpl.executeUpdate(ResultSetReturnImpl.java:197) ~[hibernate-core-5.4.25.Final.jar:5.4.25.Final]
	at org.hibernate.dialect.identity.GetGeneratedKeysDelegate.executeAndExtract(GetGeneratedKeysDelegate.java:57) ~[hibernate-core-5.4.25.Final.jar:5.4.25.Final]
	at org.hibernate.id.insert.AbstractReturningDelegate.performInsert(AbstractReturningDelegate.java:43) ~[hibernate-core-5.4.25.Final.jar:5.4.25.Final]
	at org.hibernate.persister.entity.AbstractEntityPersister.insert(AbstractEntityPersister.java:3199) ~[hibernate-core-5.4.25.Final.jar:5.4.25.Final]
	at org.hibernate.persister.entity.AbstractEntityPersister.insert(AbstractEntityPersister.java:3805) ~[hibernate-core-5.4.25.Final.jar:5.4.25.Final]
	at org.hibernate.action.internal.EntityIdentityInsertAction.execute(EntityIdentityInsertAction.java:84) ~[hibernate-core-5.4.25.Final.jar:5.4.25.Final]
	at org.hibernate.engine.spi.ActionQueue.execute(ActionQueue.java:645) ~[hibernate-core-5.4.25.Final.jar:5.4.25.Final]
	at org.hibernate.engine.spi.ActionQueue.addResolvedEntityInsertAction(ActionQueue.java:282) ~[hibernate-core-5.4.25.Final.jar:5.4.25.Final]
	at org.hibernate.engine.spi.ActionQueue.addInsertAction(ActionQueue.java:263) ~[hibernate-core-5.4.25.Final.jar:5.4.25.Final]
	at org.hibernate.engine.spi.ActionQueue.addAction(ActionQueue.java:317) ~[hibernate-core-5.4.25.Final.jar:5.4.25.Final]
	at org.hibernate.event.internal.AbstractSaveEventListener.addInsertAction(AbstractSaveEventListener.java:330) ~[hibernate-core-5.4.25.Final.jar:5.4.25.Final]
	at org.hibernate.event.internal.AbstractSaveEventListener.performSaveOrReplicate(AbstractSaveEventListener.java:287) ~[hibernate-core-5.4.25.Final.jar:5.4.25.Final]
	at org.hibernate.event.internal.AbstractSaveEventListener.performSave(AbstractSaveEventListener.java:193) ~[hibernate-core-5.4.25.Final.jar:5.4.25.Final]
	at org.hibernate.event.internal.AbstractSaveEventListener.saveWithGeneratedId(AbstractSaveEventListener.java:123) ~[hibernate-core-5.4.25.Final.jar:5.4.25.Final]
	at org.hibernate.event.internal.DefaultPersistEventListener.entityIsTransient(DefaultPersistEventListener.java:185) ~[hibernate-core-5.4.25.Final.jar:5.4.25.Final]
	at org.hibernate.event.internal.DefaultPersistEventListener.onPersist(DefaultPersistEventListener.java:128) ~[hibernate-core-5.4.25.Final.jar:5.4.25.Final]
	at org.hibernate.event.internal.DefaultPersistEventListener.onPersist(DefaultPersistEventListener.java:55) ~[hibernate-core-5.4.25.Final.jar:5.4.25.Final]
	at org.hibernate.internal.SessionImpl$$Lambda$1007/0000000000000000.accept(Unknown Source) ~[?:?]
	at org.hibernate.event.service.internal.EventListenerGroupImpl.fireEventOnEachListener(EventListenerGroupImpl.java:102) ~[hibernate-core-5.4.25.Final.jar:5.4.25.Final]
	at org.hibernate.internal.SessionImpl.firePersist(SessionImpl.java:720) ~[hibernate-core-5.4.25.Final.jar:5.4.25.Final]
	at org.hibernate.internal.SessionImpl.persist(SessionImpl.java:706) ~[hibernate-core-5.4.25.Final.jar:5.4.25.Final]
	at sun.reflect.NativeMethodAccessorImpl.invoke0(Native Method) ~[?:1.8.0_265]
	at sun.reflect.NativeMethodAccessorImpl.invoke(NativeMethodAccessorImpl.java:62) ~[?:1.8.0_265]
	at sun.reflect.DelegatingMethodAccessorImpl.invoke(DelegatingMethodAccessorImpl.java:43) ~[?:1.8.0_265]
	at java.lang.reflect.Method.invoke(Method.java:498) ~[?:1.8.0_265]
	at org.springframework.orm.jpa.ExtendedEntityManagerCreator$ExtendedEntityManagerInvocationHandler.invoke(ExtendedEntityManagerCreator.java:366) ~[spring-orm-5.2.12.RELEASE.jar:5.2.12.RELEASE]
	at com.sun.proxy.$Proxy147.persist(Unknown Source) ~[?:?]
	at sun.reflect.NativeMethodAccessorImpl.invoke0(Native Method) ~[?:1.8.0_265]
	at sun.reflect.NativeMethodAccessorImpl.invoke(NativeMethodAccessorImpl.java:62) ~[?:1.8.0_265]
	at sun.reflect.DelegatingMethodAccessorImpl.invoke(DelegatingMethodAccessorImpl.java:43) ~[?:1.8.0_265]
	at java.lang.reflect.Method.invoke(Method.java:498) ~[?:1.8.0_265]
	at org.springframework.orm.jpa.SharedEntityManagerCreator$SharedEntityManagerInvocationHandler.invoke(SharedEntityManagerCreator.java:314) ~[spring-orm-5.2.12.RELEASE.jar:5.2.12.RELEASE]
	at com.sun.proxy.$Proxy147.persist(Unknown Source) ~[?:?]
	at org.springframework.data.jpa.repository.support.SimpleJpaRepository.save(SimpleJpaRepository.java:554) ~[spring-data-jpa-2.2.12.RELEASE.jar:2.2.12.RELEASE]
	at org.springframework.data.jpa.repository.support.SimpleJpaRepository.saveAndFlush(SimpleJpaRepository.java:569) ~[spring-data-jpa-2.2.12.RELEASE.jar:2.2.12.RELEASE]
	at sun.reflect.NativeMethodAccessorImpl.invoke0(Native Method) ~[?:1.8.0_265]
	at sun.reflect.NativeMethodAccessorImpl.invoke(NativeMethodAccessorImpl.java:62) ~[?:1.8.0_265]
	at sun.reflect.DelegatingMethodAccessorImpl.invoke(DelegatingMethodAccessorImpl.java:43) ~[?:1.8.0_265]
	at java.lang.reflect.Method.invoke(Method.java:498) ~[?:1.8.0_265]
	at org.springframework.data.repository.core.support.RepositoryComposition$RepositoryFragments.invoke(RepositoryComposition.java:371) ~[spring-data-commons-2.2.12.RELEASE.jar:2.2.12.RELEASE]
	at org.springframework.data.repository.core.support.RepositoryComposition.invoke(RepositoryComposition.java:204) ~[spring-data-commons-2.2.12.RELEASE.jar:2.2.12.RELEASE]
	at org.springframework.data.repository.core.support.RepositoryFactorySupport$ImplementationMethodExecutionInterceptor.invoke(RepositoryFactorySupport.java:658) ~[spring-data-commons-2.2.12.RELEASE.jar:2.2.12.RELEASE]
	at org.springframework.aop.framework.ReflectiveMethodInvocation.proceed(ReflectiveMethodInvocation.java:186) ~[spring-aop-5.2.12.RELEASE.jar:5.2.12.RELEASE]
	at org.springframework.data.repository.core.support.RepositoryFactorySupport$QueryExecutorMethodInterceptor.doInvoke(RepositoryFactorySupport.java:622) ~[spring-data-commons-2.2.12.RELEASE.jar:2.2.12.RELEASE]
	at org.springframework.data.repository.core.support.RepositoryFactorySupport$QueryExecutorMethodInterceptor.invoke(RepositoryFactorySupport.java:606) ~[spring-data-commons-2.2.12.RELEASE.jar:2.2.12.RELEASE]
	at org.springframework.aop.framework.ReflectiveMethodInvocation.proceed(ReflectiveMethodInvocation.java:186) ~[spring-aop-5.2.12.RELEASE.jar:5.2.12.RELEASE]
	at org.springframework.data.projection.DefaultMethodInvokingMethodInterceptor.invoke(DefaultMethodInvokingMethodInterceptor.java:80) ~[spring-data-commons-2.2.12.RELEASE.jar:2.2.12.RELEASE]
	at org.springframework.aop.framework.ReflectiveMethodInvocation.proceed(ReflectiveMethodInvocation.java:186) ~[spring-aop-5.2.12.RELEASE.jar:5.2.12.RELEASE]
	at org.springframework.transaction.interceptor.TransactionInterceptor$$Lambda$972/0000000000000000.proceedWithInvocation(Unknown Source) ~[?:?]
	at org.springframework.transaction.interceptor.TransactionAspectSupport.invokeWithinTransaction(TransactionAspectSupport.java:367) ~[spring-tx-5.2.12.RELEASE.jar:5.2.12.RELEASE]
	at org.springframework.transaction.interceptor.TransactionInterceptor.invoke(TransactionInterceptor.java:118) ~[spring-tx-5.2.12.RELEASE.jar:5.2.12.RELEASE]
	at org.springframework.aop.framework.ReflectiveMethodInvocation.proceed(ReflectiveMethodInvocation.java:186) ~[spring-aop-5.2.12.RELEASE.jar:5.2.12.RELEASE]
	at org.springframework.dao.support.PersistenceExceptionTranslationInterceptor.invoke(PersistenceExceptionTranslationInterceptor.java:139) ~[spring-tx-5.2.12.RELEASE.jar:5.2.12.RELEASE]
	... 101 more
[INFO ]  2021-01-05 12:13:56.376+0530 [restartedMain] Assign1Application - Starting Assign1Application on LAPTOP-BJN94JAC with PID 14816 (D:\Infy\assignment\assign1\target\classes started by kundl in D:\Infy\assignment\assign1)
[INFO ]  2021-01-05 12:13:56.376+0530 [restartedMain] Assign1Application - No active profile set, falling back to default profiles: default
[INFO ]  2021-01-05 12:14:00.698+0530 [restartedMain] Assign1Application - Started Assign1Application in 4.562 seconds (JVM running for 5.523)
[INFO ]  2021-01-05 12:26:46.502+0530 [restartedMain] Assign1Application - Starting Assign1Application on LAPTOP-BJN94JAC with PID 14816 (D:\Infy\assignment\assign1\target\classes started by kundl in D:\Infy\assignment\assign1)
[INFO ]  2021-01-05 12:26:46.506+0530 [restartedMain] Assign1Application - No active profile set, falling back to default profiles: default
[INFO ]  2021-01-05 12:26:55.802+0530 [restartedMain] Assign1Application - Starting Assign1Application on LAPTOP-BJN94JAC with PID 14816 (D:\Infy\assignment\assign1\target\classes started by kundl in D:\Infy\assignment\assign1)
[INFO ]  2021-01-05 12:26:55.803+0530 [restartedMain] Assign1Application - No active profile set, falling back to default profiles: default
[INFO ]  2021-01-05 12:39:24.792+0530 [restartedMain] Assign1Application - Starting Assign1Application on LAPTOP-BJN94JAC with PID 14816 (D:\Infy\assignment\assign1\target\classes started by kundl in D:\Infy\assignment\assign1)
[INFO ]  2021-01-05 12:39:24.794+0530 [restartedMain] Assign1Application - No active profile set, falling back to default profiles: default
[INFO ]  2021-01-05 12:40:05.150+0530 [restartedMain] Assign1Application - Starting Assign1Application on LAPTOP-BJN94JAC with PID 14816 (D:\Infy\assignment\assign1\target\classes started by kundl in D:\Infy\assignment\assign1)
[INFO ]  2021-01-05 12:40:05.152+0530 [restartedMain] Assign1Application - No active profile set, falling back to default profiles: default
[INFO ]  2021-01-05 12:40:07.054+0530 [restartedMain] Assign1Application - Started Assign1Application in 1.947 seconds (JVM running for 1571.879)
[INFO ]  2021-01-05 12:43:01.290+0530 [restartedMain] Assign1Application - Starting Assign1Application on LAPTOP-BJN94JAC with PID 14816 (D:\Infy\assignment\assign1\target\classes started by kundl in D:\Infy\assignment\assign1)
[INFO ]  2021-01-05 12:43:01.291+0530 [restartedMain] Assign1Application - No active profile set, falling back to default profiles: default
[INFO ]  2021-01-05 12:43:02.810+0530 [restartedMain] Assign1Application - Started Assign1Application in 1.556 seconds (JVM running for 1747.635)
[INFO ]  2021-01-05 12:44:40.803+0530 [restartedMain] Assign1Application - Starting Assign1Application on LAPTOP-BJN94JAC with PID 14816 (D:\Infy\assignment\assign1\target\classes started by kundl in D:\Infy\assignment\assign1)
[INFO ]  2021-01-05 12:44:40.805+0530 [restartedMain] Assign1Application - No active profile set, falling back to default profiles: default
[INFO ]  2021-01-05 12:44:42.340+0530 [restartedMain] Assign1Application - Started Assign1Application in 1.571 seconds (JVM running for 1847.165)
[INFO ]  2021-01-05 12:45:40.988+0530 [restartedMain] Assign1Application - Starting Assign1Application on LAPTOP-BJN94JAC with PID 14816 (D:\Infy\assignment\assign1\target\classes started by kundl in D:\Infy\assignment\assign1)
[INFO ]  2021-01-05 12:45:40.989+0530 [restartedMain] Assign1Application - No active profile set, falling back to default profiles: default
[INFO ]  2021-01-05 12:45:41.966+0530 [restartedMain] Assign1Application - Started Assign1Application in 1.019 seconds (JVM running for 1906.791)
[INFO ]  2021-01-05 12:45:59.803+0530 [restartedMain] Assign1Application - Starting Assign1Application on LAPTOP-BJN94JAC with PID 14816 (D:\Infy\assignment\assign1\target\classes started by kundl in D:\Infy\assignment\assign1)
[INFO ]  2021-01-05 12:45:59.803+0530 [restartedMain] Assign1Application - No active profile set, falling back to default profiles: default
[INFO ]  2021-01-05 12:46:00.719+0530 [restartedMain] Assign1Application - Started Assign1Application in 0.955 seconds (JVM running for 1925.544)
[INFO ]  2021-01-05 12:46:22.795+0530 [restartedMain] Assign1Application - Starting Assign1Application on LAPTOP-BJN94JAC with PID 14816 (D:\Infy\assignment\assign1\target\classes started by kundl in D:\Infy\assignment\assign1)
[INFO ]  2021-01-05 12:46:22.796+0530 [restartedMain] Assign1Application - No active profile set, falling back to default profiles: default
[INFO ]  2021-01-05 12:46:23.653+0530 [restartedMain] Assign1Application - Started Assign1Application in 0.891 seconds (JVM running for 1948.478)
[INFO ]  2021-01-05 12:47:04.855+0530 [restartedMain] Assign1Application - Starting Assign1Application on LAPTOP-BJN94JAC with PID 14816 (D:\Infy\assignment\assign1\target\classes started by kundl in D:\Infy\assignment\assign1)
[INFO ]  2021-01-05 12:47:04.855+0530 [restartedMain] Assign1Application - No active profile set, falling back to default profiles: default
[INFO ]  2021-01-05 12:47:05.905+0530 [restartedMain] Assign1Application - Started Assign1Application in 1.085 seconds (JVM running for 1990.73)
[INFO ]  2021-01-05 13:30:44.404+0530 [restartedMain] Assign1Application - Starting Assign1Application on LAPTOP-BJN94JAC with PID 14816 (D:\Infy\assignment\assign1\target\classes started by kundl in D:\Infy\assignment\assign1)
[INFO ]  2021-01-05 13:30:44.404+0530 [restartedMain] Assign1Application - No active profile set, falling back to default profiles: default
[INFO ]  2021-01-05 13:30:45.221+0530 [restartedMain] Assign1Application - Started Assign1Application in 0.869 seconds (JVM running for 4610.046)
[INFO ]  2021-01-05 13:31:50.350+0530 [restartedMain] Assign1Application - Starting Assign1Application on LAPTOP-BJN94JAC with PID 14816 (D:\Infy\assignment\assign1\target\classes started by kundl in D:\Infy\assignment\assign1)
[INFO ]  2021-01-05 13:31:50.350+0530 [restartedMain] Assign1Application - No active profile set, falling back to default profiles: default
[INFO ]  2021-01-05 13:35:56.790+0530 [restartedMain] Assign1Application - Starting Assign1Application on LAPTOP-BJN94JAC with PID 14816 (D:\Infy\assignment\assign1\target\classes started by kundl in D:\Infy\assignment\assign1)
[INFO ]  2021-01-05 13:35:56.790+0530 [restartedMain] Assign1Application - No active profile set, falling back to default profiles: default
[INFO ]  2021-01-05 13:36:04.532+0530 [restartedMain] Assign1Application - Starting Assign1Application on LAPTOP-BJN94JAC with PID 14816 (D:\Infy\assignment\assign1\target\classes started by kundl in D:\Infy\assignment\assign1)
[INFO ]  2021-01-05 13:36:04.532+0530 [restartedMain] Assign1Application - No active profile set, falling back to default profiles: default
[INFO ]  2021-01-05 13:36:19.718+0530 [restartedMain] Assign1Application - Starting Assign1Application on LAPTOP-BJN94JAC with PID 14816 (D:\Infy\assignment\assign1\target\classes started by kundl in D:\Infy\assignment\assign1)
[INFO ]  2021-01-05 13:36:19.718+0530 [restartedMain] Assign1Application - No active profile set, falling back to default profiles: default
[INFO ]  2021-01-05 13:36:20.434+0530 [restartedMain] Assign1Application - Started Assign1Application in 0.755 seconds (JVM running for 4945.259)
[INFO ]  2021-01-05 13:36:27.341+0530 [restartedMain] Assign1Application - Starting Assign1Application on LAPTOP-BJN94JAC with PID 14816 (D:\Infy\assignment\assign1\target\classes started by kundl in D:\Infy\assignment\assign1)
[INFO ]  2021-01-05 13:36:27.341+0530 [restartedMain] Assign1Application - No active profile set, falling back to default profiles: default
[INFO ]  2021-01-05 13:36:28.022+0530 [restartedMain] Assign1Application - Started Assign1Application in 0.716 seconds (JVM running for 4952.847)
[INFO ]  2021-01-05 13:37:17.400+0530 [restartedMain] Assign1Application - Starting Assign1Application on LAPTOP-BJN94JAC with PID 14816 (D:\Infy\assignment\assign1\target\classes started by kundl in D:\Infy\assignment\assign1)
[INFO ]  2021-01-05 13:37:17.400+0530 [restartedMain] Assign1Application - No active profile set, falling back to default profiles: default
[INFO ]  2021-01-05 13:37:18.164+0530 [restartedMain] Assign1Application - Started Assign1Application in 0.794 seconds (JVM running for 5002.989)
[INFO ]  2021-01-05 13:37:34.221+0530 [restartedMain] Assign1Application - Starting Assign1Application on LAPTOP-BJN94JAC with PID 14816 (D:\Infy\assignment\assign1\target\classes started by kundl in D:\Infy\assignment\assign1)
[INFO ]  2021-01-05 13:37:34.221+0530 [restartedMain] Assign1Application - No active profile set, falling back to default profiles: default
[INFO ]  2021-01-05 13:37:34.925+0530 [restartedMain] Assign1Application - Started Assign1Application in 0.735 seconds (JVM running for 5019.75)
[INFO ]  2021-01-05 13:38:07.029+0530 [restartedMain] Assign1Application - Starting Assign1Application on LAPTOP-BJN94JAC with PID 14816 (D:\Infy\assignment\assign1\target\classes started by kundl in D:\Infy\assignment\assign1)
[INFO ]  2021-01-05 13:38:07.029+0530 [restartedMain] Assign1Application - No active profile set, falling back to default profiles: default
[INFO ]  2021-01-05 13:38:07.842+0530 [restartedMain] Assign1Application - Started Assign1Application in 0.838 seconds (JVM running for 5052.667)
[INFO ]  2021-01-05 13:39:35.036+0530 [restartedMain] Assign1Application - Starting Assign1Application on LAPTOP-BJN94JAC with PID 14816 (D:\Infy\assignment\assign1\target\classes started by kundl in D:\Infy\assignment\assign1)
[INFO ]  2021-01-05 13:39:35.036+0530 [restartedMain] Assign1Application - No active profile set, falling back to default profiles: default
[INFO ]  2021-01-05 13:39:35.685+0530 [restartedMain] Assign1Application - Started Assign1Application in 0.688 seconds (JVM running for 5140.51)
[INFO ]  2021-01-05 13:39:45.385+0530 [restartedMain] Assign1Application - Starting Assign1Application on LAPTOP-BJN94JAC with PID 14816 (D:\Infy\assignment\assign1\target\classes started by kundl in D:\Infy\assignment\assign1)
[INFO ]  2021-01-05 13:39:45.385+0530 [restartedMain] Assign1Application - No active profile set, falling back to default profiles: default
[INFO ]  2021-01-05 13:39:46.086+0530 [restartedMain] Assign1Application - Started Assign1Application in 0.729 seconds (JVM running for 5150.911)
[INFO ]  2021-01-05 13:40:49.766+0530 [restartedMain] Assign1Application - Starting Assign1Application on LAPTOP-BJN94JAC with PID 14816 (D:\Infy\assignment\assign1\target\classes started by kundl in D:\Infy\assignment\assign1)
[INFO ]  2021-01-05 13:40:49.766+0530 [restartedMain] Assign1Application - No active profile set, falling back to default profiles: default
[INFO ]  2021-01-05 13:40:50.386+0530 [restartedMain] Assign1Application - Started Assign1Application in 0.642 seconds (JVM running for 5215.211)
[INFO ]  2021-01-05 13:41:33.917+0530 [restartedMain] Assign1Application - Starting Assign1Application on LAPTOP-BJN94JAC with PID 14816 (D:\Infy\assignment\assign1\target\classes started by kundl in D:\Infy\assignment\assign1)
[INFO ]  2021-01-05 13:41:33.917+0530 [restartedMain] Assign1Application - No active profile set, falling back to default profiles: default
[INFO ]  2021-01-05 13:41:35.232+0530 [restartedMain] Assign1Application - Started Assign1Application in 1.378 seconds (JVM running for 5260.057)
[INFO ]  2021-01-05 13:45:26.555+0530 [restartedMain] Assign1Application - Starting Assign1Application on LAPTOP-BJN94JAC with PID 14816 (D:\Infy\assignment\assign1\target\classes started by kundl in D:\Infy\assignment\assign1)
[INFO ]  2021-01-05 13:45:26.555+0530 [restartedMain] Assign1Application - No active profile set, falling back to default profiles: default
[INFO ]  2021-01-05 13:45:32.225+0530 [restartedMain] Assign1Application - Starting Assign1Application on LAPTOP-BJN94JAC with PID 14816 (D:\Infy\assignment\assign1\target\classes started by kundl in D:\Infy\assignment\assign1)
[INFO ]  2021-01-05 13:45:32.236+0530 [restartedMain] Assign1Application - No active profile set, falling back to default profiles: default
[INFO ]  2021-01-05 13:45:32.865+0530 [restartedMain] Assign1Application - Started Assign1Application in 0.651 seconds (JVM running for 5497.69)
[INFO ]  2021-01-05 13:49:05.666+0530 [restartedMain] Assign1Application - Starting Assign1Application on LAPTOP-BJN94JAC with PID 14816 (D:\Infy\assignment\assign1\target\classes started by kundl in D:\Infy\assignment\assign1)
[INFO ]  2021-01-05 13:49:05.666+0530 [restartedMain] Assign1Application - No active profile set, falling back to default profiles: default
[INFO ]  2021-01-05 13:49:06.326+0530 [restartedMain] Assign1Application - Started Assign1Application in 0.695 seconds (JVM running for 5711.151)
[INFO ]  2021-01-05 13:49:16.237+0530 [restartedMain] Assign1Application - Starting Assign1Application on LAPTOP-BJN94JAC with PID 14816 (D:\Infy\assignment\assign1\target\classes started by kundl in D:\Infy\assignment\assign1)
[INFO ]  2021-01-05 13:49:16.237+0530 [restartedMain] Assign1Application - No active profile set, falling back to default profiles: default
[INFO ]  2021-01-05 13:49:16.918+0530 [restartedMain] Assign1Application - Started Assign1Application in 0.715 seconds (JVM running for 5721.743)
[INFO ]  2021-01-05 13:49:33.787+0530 [restartedMain] Assign1Application - Starting Assign1Application on LAPTOP-BJN94JAC with PID 14816 (D:\Infy\assignment\assign1\target\classes started by kundl in D:\Infy\assignment\assign1)
[INFO ]  2021-01-05 13:49:33.787+0530 [restartedMain] Assign1Application - No active profile set, falling back to default profiles: default
[INFO ]  2021-01-05 13:49:34.418+0530 [restartedMain] Assign1Application - Started Assign1Application in 0.666 seconds (JVM running for 5739.243)
[INFO ]  2021-01-05 13:50:30.137+0530 [restartedMain] Assign1Application - Starting Assign1Application on LAPTOP-BJN94JAC with PID 14816 (D:\Infy\assignment\assign1\target\classes started by kundl in D:\Infy\assignment\assign1)
[INFO ]  2021-01-05 13:50:30.137+0530 [restartedMain] Assign1Application - No active profile set, falling back to default profiles: default
[INFO ]  2021-01-05 13:50:30.735+0530 [restartedMain] Assign1Application - Started Assign1Application in 0.628 seconds (JVM running for 5795.56)
[INFO ]  2021-01-05 13:50:48.617+0530 [restartedMain] Assign1Application - Starting Assign1Application on LAPTOP-BJN94JAC with PID 14816 (D:\Infy\assignment\assign1\target\classes started by kundl in D:\Infy\assignment\assign1)
[INFO ]  2021-01-05 13:50:48.617+0530 [restartedMain] Assign1Application - No active profile set, falling back to default profiles: default
[INFO ]  2021-01-05 13:50:49.306+0530 [restartedMain] Assign1Application - Started Assign1Application in 0.71 seconds (JVM running for 5814.131)
[INFO ]  2021-01-05 13:52:10.370+0530 [restartedMain] Assign1Application - Starting Assign1Application on LAPTOP-BJN94JAC with PID 14816 (D:\Infy\assignment\assign1\target\classes started by kundl in D:\Infy\assignment\assign1)
[INFO ]  2021-01-05 13:52:10.370+0530 [restartedMain] Assign1Application - No active profile set, falling back to default profiles: default
[INFO ]  2021-01-05 13:52:11.012+0530 [restartedMain] Assign1Application - Started Assign1Application in 0.67 seconds (JVM running for 5895.837)
[INFO ]  2021-01-05 13:52:43.151+0530 [restartedMain] Assign1Application - Starting Assign1Application on LAPTOP-BJN94JAC with PID 14816 (D:\Infy\assignment\assign1\target\classes started by kundl in D:\Infy\assignment\assign1)
[INFO ]  2021-01-05 13:52:43.160+0530 [restartedMain] Assign1Application - No active profile set, falling back to default profiles: default
[INFO ]  2021-01-05 13:52:43.790+0530 [restartedMain] Assign1Application - Started Assign1Application in 0.669 seconds (JVM running for 5928.615)
[INFO ]  2021-01-05 13:52:57.883+0530 [restartedMain] Assign1Application - Starting Assign1Application on LAPTOP-BJN94JAC with PID 14816 (D:\Infy\assignment\assign1\target\classes started by kundl in D:\Infy\assignment\assign1)
[INFO ]  2021-01-05 13:52:57.883+0530 [restartedMain] Assign1Application - No active profile set, falling back to default profiles: default
[INFO ]  2021-01-05 13:52:58.491+0530 [restartedMain] Assign1Application - Started Assign1Application in 0.636 seconds (JVM running for 5943.316)
[INFO ]  2021-01-05 13:53:06.241+0530 [restartedMain] Assign1Application - Starting Assign1Application on LAPTOP-BJN94JAC with PID 14816 (D:\Infy\assignment\assign1\target\classes started by kundl in D:\Infy\assignment\assign1)
[INFO ]  2021-01-05 13:53:06.241+0530 [restartedMain] Assign1Application - No active profile set, falling back to default profiles: default
[INFO ]  2021-01-05 13:53:06.835+0530 [restartedMain] Assign1Application - Started Assign1Application in 0.645 seconds (JVM running for 5951.66)
[INFO ]  2021-01-05 13:53:14.730+0530 [restartedMain] Assign1Application - Starting Assign1Application on LAPTOP-BJN94JAC with PID 14816 (D:\Infy\assignment\assign1\target\classes started by kundl in D:\Infy\assignment\assign1)
[INFO ]  2021-01-05 13:53:14.730+0530 [restartedMain] Assign1Application - No active profile set, falling back to default profiles: default
[INFO ]  2021-01-05 13:53:15.470+0530 [restartedMain] Assign1Application - Started Assign1Application in 0.773 seconds (JVM running for 5960.295)
[INFO ]  2021-01-05 13:54:54.701+0530 [restartedMain] Assign1Application - Starting Assign1Application on LAPTOP-BJN94JAC with PID 14816 (D:\Infy\assignment\assign1\target\classes started by kundl in D:\Infy\assignment\assign1)
[INFO ]  2021-01-05 13:54:54.702+0530 [restartedMain] Assign1Application - No active profile set, falling back to default profiles: default
[INFO ]  2021-01-05 13:54:55.924+0530 [restartedMain] Assign1Application - Started Assign1Application in 1.341 seconds (JVM running for 6060.749)
[INFO ]  2021-01-05 15:21:47.681+0530 [restartedMain] Assign1Application - Starting Assign1Application on LAPTOP-BJN94JAC with PID 14816 (D:\Infy\assignment\assign1\target\classes started by kundl in D:\Infy\assignment\assign1)
[INFO ]  2021-01-05 15:21:47.681+0530 [restartedMain] Assign1Application - No active profile set, falling back to default profiles: default
[INFO ]  2021-01-05 15:21:48.338+0530 [restartedMain] Assign1Application - Started Assign1Application in 0.688 seconds (JVM running for 11273.163)
[INFO ]  2021-01-05 15:21:59.106+0530 [restartedMain] Assign1Application - Starting Assign1Application on LAPTOP-BJN94JAC with PID 14816 (D:\Infy\assignment\assign1\target\classes started by kundl in D:\Infy\assignment\assign1)
[INFO ]  2021-01-05 15:21:59.106+0530 [restartedMain] Assign1Application - No active profile set, falling back to default profiles: default
[INFO ]  2021-01-05 15:21:59.757+0530 [restartedMain] Assign1Application - Started Assign1Application in 0.686 seconds (JVM running for 11284.582)
[INFO ]  2021-01-05 15:22:18.852+0530 [restartedMain] Assign1Application - Starting Assign1Application on LAPTOP-BJN94JAC with PID 14816 (D:\Infy\assignment\assign1\target\classes started by kundl in D:\Infy\assignment\assign1)
[INFO ]  2021-01-05 15:22:18.860+0530 [restartedMain] Assign1Application - No active profile set, falling back to default profiles: default
[INFO ]  2021-01-05 15:22:19.540+0530 [restartedMain] Assign1Application - Started Assign1Application in 0.71 seconds (JVM running for 11304.365)
[INFO ]  2021-01-05 15:22:28.440+0530 [restartedMain] Assign1Application - Starting Assign1Application on LAPTOP-BJN94JAC with PID 14816 (D:\Infy\assignment\assign1\target\classes started by kundl in D:\Infy\assignment\assign1)
[INFO ]  2021-01-05 15:22:28.440+0530 [restartedMain] Assign1Application - No active profile set, falling back to default profiles: default
[INFO ]  2021-01-05 15:22:29.605+0530 [restartedMain] Assign1Application - Started Assign1Application in 1.226 seconds (JVM running for 11314.43)
[INFO ]  2021-01-05 15:30:06.748+0530 [restartedMain] Assign1Application - Starting Assign1Application on LAPTOP-BJN94JAC with PID 14816 (D:\Infy\assignment\assign1\target\classes started by kundl in D:\Infy\assignment\assign1)
[INFO ]  2021-01-05 15:30:06.748+0530 [restartedMain] Assign1Application - No active profile set, falling back to default profiles: default
[INFO ]  2021-01-05 15:30:10.222+0530 [restartedMain] Assign1Application - Starting Assign1Application on LAPTOP-BJN94JAC with PID 14816 (D:\Infy\assignment\assign1\target\classes started by kundl in D:\Infy\assignment\assign1)
[INFO ]  2021-01-05 15:30:10.222+0530 [restartedMain] Assign1Application - No active profile set, falling back to default profiles: default
[INFO ]  2021-01-05 15:30:10.792+0530 [restartedMain] Assign1Application - Started Assign1Application in 0.599 seconds (JVM running for 11775.617)
[INFO ]  2021-01-05 15:31:55.988+0530 [restartedMain] Assign1Application - Starting Assign1Application on LAPTOP-BJN94JAC with PID 14816 (D:\Infy\assignment\assign1\target\classes started by kundl in D:\Infy\assignment\assign1)
[INFO ]  2021-01-05 15:31:55.988+0530 [restartedMain] Assign1Application - No active profile set, falling back to default profiles: default
[INFO ]  2021-01-05 15:31:56.548+0530 [restartedMain] Assign1Application - Started Assign1Application in 0.58 seconds (JVM running for 11881.373)
[INFO ]  2021-01-05 15:32:22.085+0530 [restartedMain] Assign1Application - Starting Assign1Application on LAPTOP-BJN94JAC with PID 14816 (D:\Infy\assignment\assign1\target\classes started by kundl in D:\Infy\assignment\assign1)
[INFO ]  2021-01-05 15:32:22.085+0530 [restartedMain] Assign1Application - No active profile set, falling back to default profiles: default
[INFO ]  2021-01-05 15:32:22.697+0530 [restartedMain] Assign1Application - Started Assign1Application in 0.643 seconds (JVM running for 11907.522)
[INFO ]  2021-01-05 15:32:28.356+0530 [restartedMain] Assign1Application - Starting Assign1Application on LAPTOP-BJN94JAC with PID 14816 (D:\Infy\assignment\assign1\target\classes started by kundl in D:\Infy\assignment\assign1)
[INFO ]  2021-01-05 15:32:28.364+0530 [restartedMain] Assign1Application - No active profile set, falling back to default profiles: default
[INFO ]  2021-01-05 15:32:29.004+0530 [restartedMain] Assign1Application - Started Assign1Application in 0.67 seconds (JVM running for 11913.829)
[INFO ]  2021-01-05 15:34:41.197+0530 [restartedMain] Assign1Application - Starting Assign1Application on LAPTOP-BJN94JAC with PID 14816 (D:\Infy\assignment\assign1\target\classes started by kundl in D:\Infy\assignment\assign1)
[INFO ]  2021-01-05 15:34:41.197+0530 [restartedMain] Assign1Application - No active profile set, falling back to default profiles: default
[INFO ]  2021-01-05 15:34:42.361+0530 [restartedMain] Assign1Application - Started Assign1Application in 1.216 seconds (JVM running for 12047.186)
[INFO ]  2021-01-05 15:35:07.570+0530 [restartedMain] Assign1Application - Starting Assign1Application on LAPTOP-BJN94JAC with PID 14816 (D:\Infy\assignment\assign1\target\classes started by kundl in D:\Infy\assignment\assign1)
[INFO ]  2021-01-05 15:35:07.570+0530 [restartedMain] Assign1Application - No active profile set, falling back to default profiles: default
[INFO ]  2021-01-05 15:35:08.846+0530 [restartedMain] Assign1Application - Started Assign1Application in 1.328 seconds (JVM running for 12073.671)
[INFO ]  2021-01-05 15:36:08.554+0530 [restartedMain] Assign1Application - Starting Assign1Application on LAPTOP-BJN94JAC with PID 14816 (D:\Infy\assignment\assign1\target\classes started by kundl in D:\Infy\assignment\assign1)
[INFO ]  2021-01-05 15:36:08.554+0530 [restartedMain] Assign1Application - No active profile set, falling back to default profiles: default
[INFO ]  2021-01-05 15:36:09.143+0530 [restartedMain] Assign1Application - Started Assign1Application in 0.622 seconds (JVM running for 12133.968)
[INFO ]  2021-01-05 15:38:14.695+0530 [restartedMain] Assign1Application - Starting Assign1Application on LAPTOP-BJN94JAC with PID 14816 (D:\Infy\assignment\assign1\target\classes started by kundl in D:\Infy\assignment\assign1)
[INFO ]  2021-01-05 15:38:14.695+0530 [restartedMain] Assign1Application - No active profile set, falling back to default profiles: default
[INFO ]  2021-01-05 15:38:15.835+0530 [restartedMain] Assign1Application - Started Assign1Application in 1.161 seconds (JVM running for 12260.66)
[INFO ]  2021-01-06 13:05:23.610+0530 [restartedMain] Assign1Application - Starting Assign1Application on LAPTOP-BJN94JAC with PID 15628 (D:\Infy\assignment\assign1\target\classes started by kundl in D:\Infy\assignment\assign1)
[INFO ]  2021-01-06 13:05:23.626+0530 [restartedMain] Assign1Application - No active profile set, falling back to default profiles: default
[INFO ]  2021-01-06 13:05:28.904+0530 [restartedMain] Assign1Application - Started Assign1Application in 5.524 seconds (JVM running for 6.414)
[INFO ]  2021-01-06 13:27:19.808+0530 [restartedMain] Assign1Application - Starting Assign1Application on LAPTOP-BJN94JAC with PID 15628 (D:\Infy\assignment\assign1\target\classes started by kundl in D:\Infy\assignment\assign1)
[INFO ]  2021-01-06 13:27:19.812+0530 [restartedMain] Assign1Application - No active profile set, falling back to default profiles: default
[INFO ]  2021-01-06 13:27:21.868+0530 [restartedMain] Assign1Application - Started Assign1Application in 2.156 seconds (JVM running for 1319.378)
[INFO ]  2021-01-06 13:29:36.253+0530 [restartedMain] Assign1Application - Starting Assign1Application on LAPTOP-BJN94JAC with PID 15628 (D:\Infy\assignment\assign1\target\classes started by kundl in D:\Infy\assignment\assign1)
[INFO ]  2021-01-06 13:29:36.254+0530 [restartedMain] Assign1Application - No active profile set, falling back to default profiles: default
[INFO ]  2021-01-06 13:29:37.738+0530 [restartedMain] Assign1Application - Started Assign1Application in 1.529 seconds (JVM running for 1455.248)
[INFO ]  2021-01-06 15:52:08.628+0530 [restartedMain] Assign1Application - Starting Assign1Application on LAPTOP-BJN94JAC with PID 15628 (D:\Infy\assignment\assign1\target\classes started by kundl in D:\Infy\assignment\assign1)
[INFO ]  2021-01-06 15:52:08.630+0530 [restartedMain] Assign1Application - No active profile set, falling back to default profiles: default
[INFO ]  2021-01-06 15:52:10.005+0530 [restartedMain] Assign1Application - Started Assign1Application in 1.474 seconds (JVM running for 10007.515)
[INFO ]  2021-01-06 15:54:25.339+0530 [restartedMain] Assign1Application - Starting Assign1Application on LAPTOP-BJN94JAC with PID 15628 (D:\Infy\assignment\assign1\target\classes started by kundl in D:\Infy\assignment\assign1)
[INFO ]  2021-01-06 15:54:25.339+0530 [restartedMain] Assign1Application - No active profile set, falling back to default profiles: default
[INFO ]  2021-01-06 15:54:26.595+0530 [restartedMain] Assign1Application - Started Assign1Application in 1.287 seconds (JVM running for 10144.105)
[INFO ]  2021-01-06 15:54:30.354+0530 [restartedMain] Assign1Application - Starting Assign1Application on LAPTOP-BJN94JAC with PID 15628 (D:\Infy\assignment\assign1\target\classes started by kundl in D:\Infy\assignment\assign1)
[INFO ]  2021-01-06 15:54:30.354+0530 [restartedMain] Assign1Application - No active profile set, falling back to default profiles: default
[INFO ]  2021-01-06 15:54:31.257+0530 [restartedMain] Assign1Application - Started Assign1Application in 0.932 seconds (JVM running for 10148.767)
[INFO ]  2021-01-06 15:54:35.896+0530 [restartedMain] Assign1Application - Starting Assign1Application on LAPTOP-BJN94JAC with PID 15628 (D:\Infy\assignment\assign1\target\classes started by kundl in D:\Infy\assignment\assign1)
[INFO ]  2021-01-06 15:54:35.896+0530 [restartedMain] Assign1Application - No active profile set, falling back to default profiles: default
[INFO ]  2021-01-06 15:54:36.767+0530 [restartedMain] Assign1Application - Started Assign1Application in 0.903 seconds (JVM running for 10154.277)
[INFO ]  2021-01-06 15:55:18.705+0530 [restartedMain] Assign1Application - Starting Assign1Application on LAPTOP-BJN94JAC with PID 15628 (D:\Infy\assignment\assign1\target\classes started by kundl in D:\Infy\assignment\assign1)
[INFO ]  2021-01-06 15:55:18.705+0530 [restartedMain] Assign1Application - No active profile set, falling back to default profiles: default
[INFO ]  2021-01-06 15:55:20.393+0530 [restartedMain] Assign1Application - Started Assign1Application in 1.76 seconds (JVM running for 10197.903)
[INFO ]  2021-01-06 15:57:22.579+0530 [restartedMain] Assign1Application - Starting Assign1Application on LAPTOP-BJN94JAC with PID 15628 (D:\Infy\assignment\assign1\target\classes started by kundl in D:\Infy\assignment\assign1)
[INFO ]  2021-01-06 15:57:22.579+0530 [restartedMain] Assign1Application - No active profile set, falling back to default profiles: default
[INFO ]  2021-01-06 15:57:23.399+0530 [restartedMain] Assign1Application - Started Assign1Application in 0.857 seconds (JVM running for 10320.909)
[INFO ]  2021-01-06 15:57:29.377+0530 [restartedMain] Assign1Application - Starting Assign1Application on LAPTOP-BJN94JAC with PID 15628 (D:\Infy\assignment\assign1\target\classes started by kundl in D:\Infy\assignment\assign1)
[INFO ]  2021-01-06 15:57:29.377+0530 [restartedMain] Assign1Application - No active profile set, falling back to default profiles: default
[INFO ]  2021-01-06 15:57:30.359+0530 [restartedMain] Assign1Application - Started Assign1Application in 1.016 seconds (JVM running for 10327.869)
[INFO ]  2021-01-06 15:57:36.197+0530 [restartedMain] Assign1Application - Starting Assign1Application on LAPTOP-BJN94JAC with PID 15628 (D:\Infy\assignment\assign1\target\classes started by kundl in D:\Infy\assignment\assign1)
[INFO ]  2021-01-06 15:57:36.197+0530 [restartedMain] Assign1Application - No active profile set, falling back to default profiles: default
[INFO ]  2021-01-06 15:57:38.241+0530 [restartedMain] Assign1Application - Started Assign1Application in 2.114 seconds (JVM running for 10335.751)
[INFO ]  2021-01-06 17:01:08.215+0530 [restartedMain] Assign1Application - Starting Assign1Application on LAPTOP-BJN94JAC with PID 15628 (D:\Infy\assignment\assign1\target\classes started by kundl in D:\Infy\assignment\assign1)
[INFO ]  2021-01-06 17:01:08.216+0530 [restartedMain] Assign1Application - No active profile set, falling back to default profiles: default
[INFO ]  2021-01-06 17:01:08.979+0530 [restartedMain] Assign1Application - Started Assign1Application in 0.797 seconds (JVM running for 14146.489)
[INFO ]  2021-01-06 17:03:06.278+0530 [restartedMain] Assign1Application - Starting Assign1Application on LAPTOP-BJN94JAC with PID 15628 (D:\Infy\assignment\assign1\target\classes started by kundl in D:\Infy\assignment\assign1)
[INFO ]  2021-01-06 17:03:06.279+0530 [restartedMain] Assign1Application - No active profile set, falling back to default profiles: default
[INFO ]  2021-01-06 17:03:06.975+0530 [restartedMain] Assign1Application - Started Assign1Application in 0.734 seconds (JVM running for 14264.485)
[INFO ]  2021-01-06 17:06:33.682+0530 [restartedMain] Assign1Application - Starting Assign1Application on LAPTOP-BJN94JAC with PID 15628 (D:\Infy\assignment\assign1\target\classes started by kundl in D:\Infy\assignment\assign1)
[INFO ]  2021-01-06 17:06:33.683+0530 [restartedMain] Assign1Application - No active profile set, falling back to default profiles: default
[INFO ]  2021-01-06 17:06:34.514+0530 [restartedMain] Assign1Application - Started Assign1Application in 0.878 seconds (JVM running for 14472.024)
[INFO ]  2021-01-06 20:00:29.832+0530 [restartedMain] Assign1Application - Starting Assign1Application on LAPTOP-BJN94JAC with PID 9072 (D:\Infy\assignment\assign1\target\classes started by kundl in D:\Infy\assignment\assign1)
[INFO ]  2021-01-06 20:00:29.930+0530 [restartedMain] Assign1Application - No active profile set, falling back to default profiles: default
[INFO ]  2021-01-06 20:00:35.106+0530 [restartedMain] Assign1Application - Started Assign1Application in 5.557 seconds (JVM running for 6.631)
[INFO ]  2021-01-06 20:51:01.279+0530 [restartedMain] Assign1Application - Starting Assign1Application on LAPTOP-BJN94JAC with PID 12668 (D:\Infy\assignment\assign1\target\classes started by kundl in D:\Infy\assignment\assign1)
[INFO ]  2021-01-06 20:51:01.285+0530 [restartedMain] Assign1Application - No active profile set, falling back to default profiles: default
[INFO ]  2021-01-06 20:51:08.130+0530 [restartedMain] Assign1Application - Started Assign1Application in 7.331 seconds (JVM running for 8.509)
